<?xml version="1.0" encoding="UTF-8"?>
<testsuite name="com.pluralsight.security.TestReadWriteBytes" tests="3" skipped="0" failures="0" errors="0" timestamp="2017-05-13T15:48:48" hostname="C02SG344G8WM.workdayinternal.com" time="0.002">
  <properties/>
  <testcase name="testReadBytes" classname="com.pluralsight.security.TestReadWriteBytes" time="0.0"/>
  <testcase name="testWriteBytes" classname="com.pluralsight.security.TestReadWriteBytes" time="0.0"/>
  <testcase name="testWriteBytesEncoded" classname="com.pluralsight.security.TestReadWriteBytes" time="0.001"/>
  <system-out><![CDATA[]]></system-out>
  <system-err><![CDATA[]]></system-err>
</testsuite>
