<?xml version="1.0" encoding="UTF-8"?>
<testsuite name="com.pluralsight.security.TestCreateStreams" tests="1" skipped="0" failures="0" errors="0" timestamp="2017-05-14T15:39:09" hostname="C02SG344G8WM.workdayinternal.com" time="0.008">
  <properties/>
  <testcase name="testWhenInputFileDoesExist" classname="com.pluralsight.security.TestCreateStreams" time="0.008"/>
  <system-out><![CDATA[]]></system-out>
  <system-err><![CDATA[]]></system-err>
</testsuite>
