<?xml version="1.0" encoding="UTF-8"?>
<testsuite name="com.pluralsight.security.TestResizeArray" tests="1" skipped="0" failures="0" errors="0" timestamp="2017-05-14T15:32:40" hostname="C02SG344G8WM.workdayinternal.com" time="0.0">
  <properties/>
  <testcase name="testArrayResize" classname="com.pluralsight.security.TestResizeArray" time="0.0"/>
  <system-out><![CDATA[]]></system-out>
  <system-err><![CDATA[]]></system-err>
</testsuite>
